<?xml version="1.0" encoding="UTF-8"?>
<!-- Generated by org.testng.reporters.JUnitXMLReporter -->
<testsuite ignored="0" hostname="ATMECSINLT-013" failures="1" tests="1" name="Test" time="0.032" errors="0" timestamp="06 Sep 2019 09:11:09 GMT">
  <testcase classname="com.cleartrip.testscripts.loginflight" name="loginflight1" time="0.0">
    <failure type="org.testng.TestNGException" message="
Parameter &amp;apos;selectBrowser&amp;apos; is required by @Test on method loginflight1 but has not been marked @Optional or defined
in C:\Users\Suraj.konangi\eclipse-workspace\cleartrip\testng.xml">
      <![CDATA[org.testng.TestNGException: 
Parameter 'selectBrowser' is required by @Test on method loginflight1 but has not been marked @Optional or defined
in C:\Users\Suraj.konangi\eclipse-workspace\cleartrip\testng.xml
... Removed 23 stack frames]]>
    </failure>
  </testcase> <!-- loginflight1 -->
</testsuite> <!-- Test -->
